生成启动时间为 2015-06-02 21:34:54。
     1>项目“F:\Qylin\Project\PluginsDriverPro\MyPluginsDriverPro\src\QylinThree\QylinCommon\TaskSwitchingCenter测试工程\TaskSwitchingCenter\TaskSwitchingCenter.vcxproj”在节点 2 上(build 个目标)。
     1>C:\Program Files (x86)\MSBuild\Microsoft.Cpp\v4.0\Microsoft.CppBuild.targets(298,5): warning MSB8004: Intermediate 目录未以斜杠结尾。此生成实例将添加斜杠，因为必须有这个斜杠才能正确计算 Intermediate 目录。
     1>InitializeBuildStatus:
         正在对“Win32\Release\TaskSwitchingCenter.unsuccessfulbuild”执行 Touch 任务。
       CustomBuild:
         所有输出均为最新。
       ClCompile:
         C:\Program Files (x86)\Microsoft Visual Studio 10.0\VC\bin\CL.exe /c /IC:\Qt\4.8.5\include\QtCore /IC:\Qt\4.8.5\include\QtGui /IC:\Qt\4.8.5\include /IC:\Qt\4.8.5\include\ActiveQt /Irelease /I..\..\..\..\Qt\4.8.5\mkspecs\default /Zi /nologo /W3 /WX- /O2 /Oy- /D _WINDOWS /D UNICODE /D WIN32 /D QT_DLL /D QT_NO_DEBUG /D QT_GUI_LIB /D QT_CORE_LIB /D QT_HAVE_MMX /D QT_HAVE_3DNOW /D QT_HAVE_SSE /D QT_HAVE_MMXEXT /D QT_HAVE_SSE2 /D QT_THREAD_SUPPORT /D NDEBUG /Gm- /EHsc /MD /GS /fp:precise /Zc:wchar_t- /Zc:forScope /GR /Fo"Win32\Release\\" /Fd"Win32\Release\vc100.pdb" /Gd /TP /analyze- /errorReport:prompt taskswitchingcenter.cpp -Zm200 -w34100 -w34189 
         taskswitchingcenter.cpp
     1>f:\qylin\project\pluginsdriverpro\mypluginsdriverpro\src\qylinthree\qylincommon\taskswitchingcenter测试工程\taskswitchingcenter\taskswitchingcenter.h : warning C4819: 该文件包含不能在当前代码页(936)中表示的字符。请将该文件保存为 Unicode 格式以防止数据丢失
       Link:
         C:\Program Files (x86)\Microsoft Visual Studio 10.0\VC\bin\link.exe /ERRORREPORT:PROMPT /OUT:"release\\TaskSwitchingCenter.exe" /INCREMENTAL:NO /NOLOGO /LIBPATH:C:\Qt\4.8.5\lib /LIBPATH:c:\Qt\4.8.5\lib C:\Qt\4.8.5\lib\qtmain.lib C:\Qt\4.8.5\lib\QtGui4.lib C:\Qt\4.8.5\lib\QtCore4.lib kernel32.lib user32.lib gdi32.lib winspool.lib comdlg32.lib advapi32.lib shell32.lib ole32.lib oleaut32.lib uuid.lib odbc32.lib odbccp32.lib /MANIFEST /ManifestFile:"Win32\Release\TaskSwitchingCenter.exe.intermediate.manifest" /MANIFESTUAC:"level='asInvoker' uiAccess='false'" /PDB:"F:\Qylin\Project\PluginsDriverPro\MyPluginsDriverPro\src\QylinThree\QylinCommon\TaskSwitchingCenter测试工程\TaskSwitchingCenter\release\TaskSwitchingCenter.pdb" /SUBSYSTEM:WINDOWS /TLBID:1 /DYNAMICBASE /NXCOMPAT /MACHINE:X86 Win32\Release\icommand.obj
         Win32\Release\main.obj
         Win32\Release\moc_taskswitchingcenter.obj
         Win32\Release\taskswitchingcenter.obj
         Win32\Release\test.obj "/MANIFESTDEPENDENCY:type='win32' name='Microsoft.Windows.Common-Controls' version='6.0.0.0' publicKeyToken='6595b64144ccf1df' language='*' processorArchitecture='*'" 
         TaskSwitchingCenter.vcxproj -> F:\Qylin\Project\PluginsDriverPro\MyPluginsDriverPro\src\QylinThree\QylinCommon\TaskSwitchingCenter测试工程\TaskSwitchingCenter\release\TaskSwitchingCenter.exe
       Manifest:
         C:\Program Files (x86)\Microsoft SDKs\Windows\v7.0A\bin\mt.exe /nologo /verbose /outputresource:"release\\TaskSwitchingCenter.exe;#1" /manifest Win32\Release\TaskSwitchingCenter.exe.intermediate.manifest
       FinalizeBuildStatus:
         正在删除文件“Win32\Release\TaskSwitchingCenter.unsuccessfulbuild”。
         正在对“Win32\Release\TaskSwitchingCenter.lastbuildstate”执行 Touch 任务。
     1>已完成生成项目“F:\Qylin\Project\PluginsDriverPro\MyPluginsDriverPro\src\QylinThree\QylinCommon\TaskSwitchingCenter测试工程\TaskSwitchingCenter\TaskSwitchingCenter.vcxproj”(build 个目标)的操作。

生成成功。

已用时间 00:00:06.96
